2018-02-23 01:39:28,615 INFO [com.java.learning.annotation.custom.service.AnnotationService] - Annotation service implementation 
2018-02-23 01:39:28,627 INFO [com.java.learning.annotation.custom.service.AnnotationService] - Field Name :accountNumber
2018-02-23 01:39:28,627 INFO [com.java.learning.annotation.custom.service.AnnotationService] - Annotation Name :com.java.learning.annotation.custom.AccountValidation
2018-02-23 01:39:28,628 INFO [com.java.learning.annotation.custom.service.AnnotationService] - Annotation value :301038920
2018-02-23 01:39:28,630 INFO [com.java.learning.annotation.custom.service.AnnotationService] - Field Name :customerName
2018-02-23 01:39:28,630 INFO [com.java.learning.annotation.custom.service.AnnotationService] - Annotation Name :com.java.learning.annotation.custom.ContactPropertiesValidation
2018-02-23 01:39:50,504 INFO [com.java.learning.annotation.custom.service.AnnotationService] - Annotation service implementation 
2018-02-23 01:39:50,516 INFO [com.java.learning.annotation.custom.service.AnnotationService] - Field Name :accountNumber
2018-02-23 01:39:50,516 INFO [com.java.learning.annotation.custom.service.AnnotationService] - Annotation Name :com.java.learning.annotation.custom.AccountValidation
2018-02-23 01:39:50,516 INFO [com.java.learning.annotation.custom.service.AnnotationService] - Annotation value :301038920
2018-02-23 01:39:50,518 INFO [com.java.learning.annotation.custom.service.AnnotationService] - Field Name :customerName
2018-02-23 01:39:50,519 INFO [com.java.learning.annotation.custom.service.AnnotationService] - Annotation Name :com.java.learning.annotation.custom.ContactPropertiesValidation
2018-02-23 01:39:50,519 INFO [com.java.learning.annotation.custom.service.AnnotationService] - Annotation value :null
2018-02-23 01:42:58,692 INFO [com.java.learning.annotation.custom.service.AnnotationService] - Annotation service implementation 
2018-02-23 01:42:58,704 INFO [com.java.learning.annotation.custom.service.AnnotationService] - Field Name :accountNumber
2018-02-23 01:42:58,705 INFO [com.java.learning.annotation.custom.service.AnnotationService] - Annotation Name :com.java.learning.annotation.custom.AccountValidation
2018-02-23 01:42:58,705 INFO [com.java.learning.annotation.custom.service.AnnotationService] - Annotation value :301038920
2018-02-23 01:42:58,707 INFO [com.java.learning.annotation.custom.service.AnnotationService] - Field Name :customerName
2018-02-23 01:42:58,707 INFO [com.java.learning.annotation.custom.service.AnnotationService] - Annotation Name :com.java.learning.annotation.custom.ContactPropertiesValidation
2018-02-23 01:42:58,707 INFO [com.java.learning.annotation.custom.service.AnnotationService] - Annotation value :null
2018-02-23 01:42:58,707 INFO [com.java.learning.annotation.custom.service.AnnotationService] - Field Name :address
2018-02-23 01:42:58,707 INFO [com.java.learning.annotation.custom.service.AnnotationService] - Field Name :mobileNumber
2018-02-23 01:42:58,707 INFO [com.java.learning.annotation.custom.service.AnnotationService] - Annotation Name :com.java.learning.annotation.custom.ContactPropertiesValidation
2018-02-23 01:42:58,708 INFO [com.java.learning.annotation.custom.service.AnnotationService] - Annotation value :null
2018-02-23 01:42:58,708 INFO [com.java.learning.annotation.custom.service.AnnotationService] - Field Name :email
2018-02-23 01:42:58,708 INFO [com.java.learning.annotation.custom.service.AnnotationService] - Annotation Name :com.java.learning.annotation.custom.ContactPropertiesValidation
2018-02-23 01:42:58,708 INFO [com.java.learning.annotation.custom.service.AnnotationService] - Annotation value :null
2018-02-23 01:42:58,708 INFO [com.java.learning.annotation.custom.service.AnnotationService] - Doc Name : Doc Status :false
2018-02-23 01:42:58,708 INFO [com.java.learning.annotation.custom.service.AnnotationService] - Field Name :aadharNo
2018-02-23 01:42:58,708 INFO [com.java.learning.annotation.custom.service.AnnotationService] - Annotation Name :com.java.learning.annotation.custom.AccountValidation
2018-02-23 01:42:58,708 INFO [com.java.learning.annotation.custom.service.AnnotationService] - Annotation value :8206223333445566
2018-02-23 01:42:58,708 INFO [com.java.learning.annotation.custom.service.AnnotationService] - Field Name :fullname
2018-02-23 01:42:58,708 INFO [com.java.learning.annotation.custom.service.AnnotationService] - Annotation Name :com.java.learning.annotation.custom.ContactPropertiesValidation
2018-02-23 01:42:58,708 INFO [com.java.learning.annotation.custom.service.AnnotationService] - Annotation value :null
2018-02-23 01:42:58,708 INFO [com.java.learning.annotation.custom.service.AnnotationService] - Field Name :gender
2018-02-23 01:42:58,708 INFO [com.java.learning.annotation.custom.service.AnnotationService] - Annotation Name :com.java.learning.annotation.custom.ContactPropertiesValidation
2018-02-23 01:42:58,708 INFO [com.java.learning.annotation.custom.service.AnnotationService] - Annotation value :null
2018-02-23 01:42:58,708 INFO [com.java.learning.annotation.custom.service.AnnotationService] - Field Name :address
2018-02-23 01:42:58,709 INFO [com.java.learning.annotation.custom.service.AnnotationService] - Field Name :dob
2018-02-23 01:42:58,709 INFO [com.java.learning.annotation.custom.service.AnnotationService] - Annotation Name :com.java.learning.annotation.custom.ContactPropertiesValidation
2018-02-23 01:42:58,709 INFO [com.java.learning.annotation.custom.service.AnnotationService] - Annotation value :null
2018-02-23 01:42:58,709 INFO [com.java.learning.annotation.custom.service.AnnotationService] - Doc Name : Doc Status :false
2018-02-23 01:42:58,709 INFO [com.java.learning.annotation.custom.service.AnnotationService] - Field Name :fullname
2018-02-23 01:42:58,709 INFO [com.java.learning.annotation.custom.service.AnnotationService] - Annotation Name :com.java.learning.annotation.custom.ContactPropertiesValidation
2018-02-23 01:42:58,709 INFO [com.java.learning.annotation.custom.service.AnnotationService] - Annotation value :null
2018-02-23 01:42:58,709 INFO [com.java.learning.annotation.custom.service.AnnotationService] - Field Name :fatherName
2018-02-23 01:42:58,709 INFO [com.java.learning.annotation.custom.service.AnnotationService] - Field Name :panNumber
2018-02-23 01:42:58,709 INFO [com.java.learning.annotation.custom.service.AnnotationService] - Annotation Name :com.java.learning.annotation.custom.AccountValidation
2018-02-23 01:42:58,709 INFO [com.java.learning.annotation.custom.service.AnnotationService] - Annotation value :BLDPK3848M
2018-02-23 01:42:58,709 INFO [com.java.learning.annotation.custom.service.AnnotationService] - Field Name :issuedBy
2018-02-23 01:42:58,709 INFO [com.java.learning.annotation.custom.service.AnnotationService] - Field Name :dob
2018-02-23 01:42:58,710 INFO [com.java.learning.annotation.custom.service.AnnotationService] - Annotation Name :com.java.learning.annotation.custom.ContactPropertiesValidation
2018-02-23 01:42:58,710 INFO [com.java.learning.annotation.custom.service.AnnotationService] - Annotation value :null
2018-02-23 01:42:58,710 INFO [com.java.learning.annotation.custom.service.AnnotationService] - Doc Name : Doc Status :false
2018-02-23 01:47:49,173 INFO [com.java.learning.annotation.custom.service.AnnotationService] - Annotation service implementation 
2018-02-23 01:48:40,185 INFO [com.java.learning.annotation.custom.service.AnnotationService] - Field Name :accountNumber
2018-02-23 01:48:42,512 INFO [com.java.learning.annotation.custom.service.AnnotationService] - Annotation Name :com.java.learning.annotation.custom.AccountValidation
2018-02-23 01:48:43,590 INFO [com.java.learning.annotation.custom.service.AnnotationService] - Annotation value :301038920
2018-02-23 01:48:47,981 INFO [com.java.learning.annotation.custom.service.AnnotationService] - Field Name :customerName
2018-02-23 01:48:48,041 INFO [com.java.learning.annotation.custom.service.AnnotationService] - Annotation Name :com.java.learning.annotation.custom.ContactPropertiesValidation
2018-02-23 01:48:48,071 INFO [com.java.learning.annotation.custom.service.AnnotationService] - Annotation value :null
2018-02-23 01:48:48,437 INFO [com.java.learning.annotation.custom.service.AnnotationService] - Field Name :address
2018-02-23 01:48:48,625 INFO [com.java.learning.annotation.custom.service.AnnotationService] - Field Name :mobileNumber
2018-02-23 01:48:48,687 INFO [com.java.learning.annotation.custom.service.AnnotationService] - Annotation Name :com.java.learning.annotation.custom.ContactPropertiesValidation
2018-02-23 01:48:48,716 INFO [com.java.learning.annotation.custom.service.AnnotationService] - Annotation value :null
2018-02-23 01:48:49,083 INFO [com.java.learning.annotation.custom.service.AnnotationService] - Field Name :email
2018-02-23 01:48:49,147 INFO [com.java.learning.annotation.custom.service.AnnotationService] - Annotation Name :com.java.learning.annotation.custom.ContactPropertiesValidation
2018-02-23 01:48:49,174 INFO [com.java.learning.annotation.custom.service.AnnotationService] - Annotation value :null
2018-02-23 01:48:49,455 INFO [com.java.learning.annotation.custom.service.AnnotationService] - Doc Name : Doc Status :false
2018-02-23 01:48:51,831 INFO [com.java.learning.annotation.custom.service.AnnotationService] - Field Name :aadharNo
2018-02-23 01:48:51,891 INFO [com.java.learning.annotation.custom.service.AnnotationService] - Annotation Name :com.java.learning.annotation.custom.AccountValidation
2018-02-23 01:48:51,925 INFO [com.java.learning.annotation.custom.service.AnnotationService] - Annotation value :8206223333445566
2018-02-23 01:48:52,261 INFO [com.java.learning.annotation.custom.service.AnnotationService] - Field Name :fullname
2018-02-23 01:48:52,323 INFO [com.java.learning.annotation.custom.service.AnnotationService] - Annotation Name :com.java.learning.annotation.custom.ContactPropertiesValidation
2018-02-23 01:48:52,353 INFO [com.java.learning.annotation.custom.service.AnnotationService] - Annotation value :null
2018-02-23 01:48:52,722 INFO [com.java.learning.annotation.custom.service.AnnotationService] - Field Name :gender
2018-02-23 01:48:52,782 INFO [com.java.learning.annotation.custom.service.AnnotationService] - Annotation Name :com.java.learning.annotation.custom.ContactPropertiesValidation
2018-02-23 01:48:52,811 INFO [com.java.learning.annotation.custom.service.AnnotationService] - Annotation value :null
2018-02-23 01:48:53,174 INFO [com.java.learning.annotation.custom.service.AnnotationService] - Field Name :address
2018-02-23 01:48:53,356 INFO [com.java.learning.annotation.custom.service.AnnotationService] - Field Name :dob
2018-02-23 01:48:53,419 INFO [com.java.learning.annotation.custom.service.AnnotationService] - Annotation Name :com.java.learning.annotation.custom.ContactPropertiesValidation
2018-02-23 01:48:53,454 INFO [com.java.learning.annotation.custom.service.AnnotationService] - Annotation value :null
2018-02-23 01:48:53,728 INFO [com.java.learning.annotation.custom.service.AnnotationService] - Doc Name : Doc Status :false
2018-02-23 01:48:54,067 INFO [com.java.learning.annotation.custom.service.AnnotationService] - Field Name :fullname
2018-02-23 01:48:54,123 INFO [com.java.learning.annotation.custom.service.AnnotationService] - Annotation Name :com.java.learning.annotation.custom.ContactPropertiesValidation
2018-02-23 01:48:54,159 INFO [com.java.learning.annotation.custom.service.AnnotationService] - Annotation value :null
2018-02-23 01:48:56,744 INFO [com.java.learning.annotation.custom.service.AnnotationService] - Field Name :fatherName
2018-02-23 01:48:56,745 INFO [com.java.learning.annotation.custom.service.AnnotationService] - Field Name :panNumber
2018-02-23 01:48:56,745 INFO [com.java.learning.annotation.custom.service.AnnotationService] - Annotation Name :com.java.learning.annotation.custom.AccountValidation
2018-02-23 01:48:56,745 INFO [com.java.learning.annotation.custom.service.AnnotationService] - Annotation value :BLDPK3848M
2018-02-23 01:48:56,747 INFO [com.java.learning.annotation.custom.service.AnnotationService] - Field Name :issuedBy
2018-02-23 01:48:56,748 INFO [com.java.learning.annotation.custom.service.AnnotationService] - Field Name :dob
2018-02-23 01:48:56,748 INFO [com.java.learning.annotation.custom.service.AnnotationService] - Annotation Name :com.java.learning.annotation.custom.ContactPropertiesValidation
2018-02-23 01:48:56,748 INFO [com.java.learning.annotation.custom.service.AnnotationService] - Annotation value :null
2018-02-23 01:48:56,748 INFO [com.java.learning.annotation.custom.service.AnnotationService] - Doc Name : Doc Status :false
